<?xml version="1.0" encoding="UTF-8"?>
<!-- Generated by org.testng.reporters.JUnitReportReporter -->
<testsuite skipped="0" hostname="itisgs-iMac.local" name="mind.salido.pos.testcases.LoginPageTest" tests="1" failures="0" timestamp="28 Feb 2019 09:15:32 GMT" time="13.283" errors="0">
  <testcase name="FirstScenario" time="13.283" classname="mind.salido.pos.testcases.LoginPageTest"/>
</testsuite> <!-- mind.salido.pos.testcases.LoginPageTest -->
